# JRE version: Java(TM) SE Runtime Environment (8.0_131-b11) (build 1.8.0_131-b11)
# Java VM: Java HotSpot(TM) 64-Bit Server VM (25.131-b11 mixed mode linux-amd64 compressed oops)
Heap:
 PSYoungGen      total 37888K, used 10037K [0x00000000d6800000, 0x00000000dad80000, 0x0000000100000000)
  eden space 32768K, 15% used [0x00000000d6800000,0x00000000d6cd5648,0x00000000d8800000)
  from space 5120K, 99% used [0x00000000d8800000,0x00000000d8cf8030,0x00000000d8d00000)
  to   space 5120K, 0% used [0x00000000da880000,0x00000000da880000,0x00000000dad80000)
 ParOldGen       total 86016K, used 5124K [0x0000000083800000, 0x0000000088c00000, 0x00000000d6800000)
  object space 86016K, 5% used [0x0000000083800000,0x0000000083d01118,0x0000000088c00000)
 Metaspace       used 19467K, capacity 20900K, committed 21120K, reserved 1067008K
  class space    used 2850K, capacity 3154K, committed 3200K, reserved 1048576K
GC Heap History (6 events):
Event: 0,827 GC heap before
{Heap before GC invocations=1 (full 0):
 PSYoungGen      total 37888K, used 32768K [0x00000000d6800000, 0x00000000d9200000, 0x0000000100000000)
  eden space 32768K, 100% used [0x00000000d6800000,0x00000000d8800000,0x00000000d8800000)
  from space 5120K, 0% used [0x00000000d8d00000,0x00000000d8d00000,0x00000000d9200000)
  to   space 5120K, 0% used [0x00000000d8800000,0x00000000d8800000,0x00000000d8d00000)
 ParOldGen       total 86016K, used 0K [0x0000000083800000, 0x0000000088c00000, 0x00000000d6800000)
  object space 86016K, 0% used [0x0000000083800000,0x0000000083800000,0x0000000088c00000)
 Metaspace       used 15283K, capacity 16444K, committed 16512K, reserved 1062912K
  class space    used 2425K, capacity 2642K, committed 2688K, reserved 1048576K
Event: 0,837 GC heap after
Heap after GC invocations=1 (full 0):
 PSYoungGen      total 37888K, used 4866K [0x00000000d6800000, 0x00000000db200000, 0x0000000100000000)
  eden space 32768K, 0% used [0x00000000d6800000,0x00000000d6800000,0x00000000d8800000)
  from space 5120K, 95% used [0x00000000d8800000,0x00000000d8cc0ab0,0x00000000d8d00000)
  to   space 5120K, 0% used [0x00000000dad00000,0x00000000dad00000,0x00000000db200000)
 ParOldGen       total 86016K, used 16K [0x0000000083800000, 0x0000000088c00000, 0x00000000d6800000)
  object space 86016K, 0% used [0x0000000083800000,0x0000000083804000,0x0000000088c00000)
 Metaspace       used 15283K, capacity 16444K, committed 16512K, reserved 1062912K
  class space    used 2425K, capacity 2642K, committed 2688K, reserved 1048576K
}
Event: 72,814 GC heap before
{Heap before GC invocations=2 (full 0):
 PSYoungGen      total 37888K, used 37634K [0x00000000d6800000, 0x00000000db200000, 0x0000000100000000)
  eden space 32768K, 100% used [0x00000000d6800000,0x00000000d8800000,0x00000000d8800000)
  from space 5120K, 95% used [0x00000000d8800000,0x00000000d8cc0ab0,0x00000000d8d00000)
  to   space 5120K, 0% used [0x00000000dad00000,0x00000000dad00000,0x00000000db200000)
 ParOldGen       total 86016K, used 16K [0x0000000083800000, 0x0000000088c00000, 0x00000000d6800000)
  object space 86016K, 0% used [0x0000000083800000,0x0000000083804000,0x0000000088c00000)
 Metaspace       used 18711K, capacity 20054K, committed 20224K, reserved 1067008K
  class space    used 2780K, capacity 3022K, committed 3072K, reserved 1048576K
Event: 72,822 GC heap after
Heap after GC invocations=2 (full 0):
 PSYoungGen      total 37888K, used 5106K [0x00000000d6800000, 0x00000000db200000, 0x0000000100000000)
  eden space 32768K, 0% used [0x00000000d6800000,0x00000000d6800000,0x00000000d8800000)
  from space 5120K, 99% used [0x00000000dad00000,0x00000000db1fcad0,0x00000000db200000)
  to   space 5120K, 0% used [0x00000000d8800000,0x00000000d8800000,0x00000000d8d00000)
 ParOldGen       total 86016K, used 2813K [0x0000000083800000, 0x0000000088c00000, 0x00000000d6800000)
  object space 86016K, 3% used [0x0000000083800000,0x0000000083abf668,0x0000000088c00000)
 Metaspace       used 18711K, capacity 20054K, committed 20224K, reserved 1067008K
  class space    used 2780K, capacity 3022K, committed 3072K, reserved 1048576K
}
Event: 114,279 GC heap before
{Heap before GC invocations=3 (full 0):
 PSYoungGen      total 37888K, used 37874K [0x00000000d6800000, 0x00000000db200000, 0x0000000100000000)
  eden space 32768K, 100% used [0x00000000d6800000,0x00000000d8800000,0x00000000d8800000)
  from space 5120K, 99% used [0x00000000dad00000,0x00000000db1fcad0,0x00000000db200000)
  to   space 5120K, 0% used [0x00000000d8800000,0x00000000d8800000,0x00000000d8d00000)
 ParOldGen       total 86016K, used 2813K [0x0000000083800000, 0x0000000088c00000, 0x00000000d6800000)
  object space 86016K, 3% used [0x0000000083800000,0x0000000083abf668,0x0000000088c00000)
 Metaspace       used 19463K, capacity 20900K, committed 21120K, reserved 1067008K
  class space    used 2850K, capacity 3154K, committed 3200K, reserved 1048576K
Event: 114,292 GC heap after
Heap after GC invocations=3 (full 0):
 PSYoungGen      total 37888K, used 5088K [0x00000000d6800000, 0x00000000dad80000, 0x0000000100000000)
  eden space 32768K, 0% used [0x00000000d6800000,0x00000000d6800000,0x00000000d8800000)
  from space 5120K, 99% used [0x00000000d8800000,0x00000000d8cf8030,0x00000000d8d00000)
  to   space 5120K, 0% used [0x00000000da880000,0x00000000da880000,0x00000000dad80000)
 ParOldGen       total 86016K, used 5124K [0x0000000083800000, 0x0000000088c00000, 0x00000000d6800000)
  object space 86016K, 5% used [0x0000000083800000,0x0000000083d01118,0x0000000088c00000)
 Metaspace       used 19463K, capacity 20900K, committed 21120K, reserved 1067008K
  class space    used 2850K, capacity 3154K, committed 3200K, reserved 1048576K
}

